WARNING: Reseting folder SCENARIO_SIGNALS
WARNING: Reseting folder TRUE_SIGNALS
Listing signals files to read ...
Reading 10 files
N_SCENARIOS 603
################# cycle 0: time 2 #################
Total number of measurements: 0
New measurements taken at: []
Number of scenarios in confidence interval: 603
Percentage of nodes correctly identified: 0.298969072165
Total number of scenarios 603
+-----+--------+-------------+------------+-------------+---------+
| HID | SOURCE | START (min) | STOP (min) | PROBABILITY | MATCHES |
+=====+========+=============+============+=============+=========+
| 9   | 275    | 0           | 2880       | 0.001658    | 0       |
+-----+--------+-------------+------------+-------------+---------+
| 3   | 217    | 0           | 2880       | 0.001658    | 0       |
+-----+--------+-------------+------------+-------------+---------+
| 3   | 207    | 0           | 2880       | 0.001658    | 0       |
+-----+--------+-------------+------------+-------------+---------+
| 3   | 206    | 0           | 2880       | 0.001658    | 0       |
+-----+--------+-------------+------------+-------------+---------+
| 3   | 205    | 0           | 2880       | 0.001658    | 0       |
+-----+--------+-------------+------------+-------------+---------+
| 3   | 204    | 0           | 2880       | 0.001658    | 0       |
+-----+--------+-------------+------------+-------------+---------+
| 3   | 203    | 0           | 2880       | 0.001658    | 0       |
+-----+--------+-------------+------------+-------------+---------+
| 3   | 199    | 0           | 2880       | 0.001658    | 0       |
+-----+--------+-------------+------------+-------------+---------+
| 3   | 197    | 0           | 2880       | 0.001658    | 0       |
+-----+--------+-------------+------------+-------------+---------+
| 3   | 193    | 0           | 2880       | 0.001658    | 0       |
+-----+--------+-------------+------------+-------------+---------+
| 3   | 184    | 0           | 2880       | 0.001658    | 0       |
+-----+--------+-------------+------------+-------------+---------+
| 3   | 183    | 0           | 2880       | 0.001658    | 0       |
+-----+--------+-------------+------------+-------------+---------+
| 3   | 173    | 0           | 2880       | 0.001658    | 0       |
+-----+--------+-------------+------------+-------------+---------+
| 3   | 167    | 0           | 2880       | 0.001658    | 0       |
+-----+--------+-------------+------------+-------------+---------+
| 3   | 151    | 0           | 2880       | 0.001658    | 0       |
+-----+--------+-------------+------------+-------------+---------+
| 3   | 120    | 0           | 2880       | 0.001658    | 0       |
+-----+--------+-------------+------------+-------------+---------+
| 3   | 119    | 0           | 2880       | 0.001658    | 0       |
+-----+--------+-------------+------------+-------------+---------+
| 3   | 215    | 0           | 2880       | 0.001658    | 0       |
+-----+--------+-------------+------------+-------------+---------+
| 3   | 219    | 0           | 2880       | 0.001658    | 0       |
+-----+--------+-------------+------------+-------------+---------+
| 3   | 113    | 0           | 2880       | 0.001658    | 0       |
+-----+--------+-------------+------------+-------------+---------+
| 3   | 239    | 0           | 2880       | 0.001658    | 0       |
+-----+--------+-------------+------------+-------------+---------+
| 4   | 119    | 0           | 2880       | 0.001658    | 0       |
+-----+--------+-------------+------------+-------------+---------+
| 4   | 113    | 0           | 2880       | 0.001658    | 0       |
+-----+--------+-------------+------------+-------------+---------+
| 4   | 109    | 0           | 2880       | 0.001658    | 0       |
+-----+--------+-------------+------------+-------------+---------+
| 4   | 107    | 0           | 2880       | 0.001658    | 0       |
+-----+--------+-------------+------------+-------------+---------+
| 4   | 105    | 0           | 2880       | 0.001658    | 0       |
+-----+--------+-------------+------------+-------------+---------+
| 4   | 103    | 0           | 2880       | 0.001658    | 0       |
+-----+--------+-------------+------------+-------------+---------+
| 4   | 101    | 0           | 2880       | 0.001658    | 0       |
+-----+--------+-------------+------------+-------------+---------+
| 4   | 35     | 0           | 2880       | 0.001658    | 0       |
+-----+--------+-------------+------------+-------------+---------+
| 4   | 20     | 0           | 2880       | 0.001658    | 0       |
+-----+--------+-------------+------------+-------------+---------+
| 3   | 275    | 0           | 2880       | 0.001658    | 0       |
+-----+--------+-------------+------------+-------------+---------+
| 3   | 265    | 0           | 2880       | 0.001658    | 0       |
+-----+--------+-------------+------------+-------------+---------+
| 3   | 263    | 0           | 2880       | 0.001658    | 0       |
+-----+--------+-------------+------------+-------------+---------+
| 3   | 261    | 0           | 2880       | 0.001658    | 0       |
+-----+--------+-------------+------------+-------------+---------+
| 3   | 251    | 0           | 2880       | 0.001658    | 0       |
+-----+--------+-------------+------------+-------------+---------+
| 3   | 241    | 0           | 2880       | 0.001658    | 0       |
+-----+--------+-------------+------------+-------------+---------+
| 3   | 115    | 0           | 2880       | 0.001658    | 0       |
+-----+--------+-------------+------------+-------------+---------+
| 3   | 111    | 0           | 2880       | 0.001658    | 0       |
+-----+--------+-------------+------------+-------------+---------+
| 2   | 179    | 0           | 2880       | 0.001658    | 0       |
+-----+--------+-------------+------------+-------------+---------+
| 2   | 217    | 0           | 2880       | 0.001658    | 0       |
+-----+--------+-------------+------------+-------------+---------+
| 2   | 207    | 0           | 2880       | 0.001658    | 0       |
+-----+--------+-------------+------------+-------------+---------+
| 2   | 206    | 0           | 2880       | 0.001658    | 0       |
+-----+--------+-------------+------------+-------------+---------+
| 2   | 205    | 0           | 2880       | 0.001658    | 0       |
+-----+--------+-------------+------------+-------------+---------+
| 2   | 204    | 0           | 2880       | 0.001658    | 0       |
+-----+--------+-------------+------------+-------------+---------+
| 2   | 203    | 0           | 2880       | 0.001658    | 0       |
+-----+--------+-------------+------------+-------------+---------+
| 2   | 201    | 0           | 2880       | 0.001658    | 0       |
+-----+--------+-------------+------------+-------------+---------+
| 2   | 199    | 0           | 2880       | 0.001658    | 0       |
+-----+--------+-------------+------------+-------------+---------+
| 2   | 197    | 0           | 2880       | 0.001658    | 0       |
+-----+--------+-------------+------------+-------------+---------+
| 2   | 195    | 0           | 2880       | 0.001658    | 0       |
+-----+--------+-------------+------------+-------------+---------+
| 2   | 193    | 0           | 2880       | 0.001658    | 0       |
+-----+--------+-------------+------------+-------------+---------+
################# cycle 1: time 3 #################
Total number of measurements: 2
New measurements taken at: ['184', '206']
Number of scenarios in confidence interval: 390
Percentage of nodes correctly identified: 0.278350515464
Total number of scenarios 603
+-----+--------+-------------+------------+-------------+---------+
| HID | SOURCE | START (min) | STOP (min) | PROBABILITY | MATCHES |
+=====+========+=============+============+=============+=========+
| 9   | 275    | 0           | 2880       | 0.002963    | 2       |
+-----+--------+-------------+------------+-------------+---------+
| 5   | 143    | 0           | 2880       | 0.002963    | 2       |
+-----+--------+-------------+------------+-------------+---------+
| 4   | 183    | 0           | 2880       | 0.002963    | 2       |
+-----+--------+-------------+------------+-------------+---------+
| 4   | 189    | 0           | 2880       | 0.002963    | 2       |
+-----+--------+-------------+------------+-------------+---------+
| 4   | 191    | 0           | 2880       | 0.002963    | 2       |
+-----+--------+-------------+------------+-------------+---------+
| 4   | 193    | 0           | 2880       | 0.002963    | 2       |
+-----+--------+-------------+------------+-------------+---------+
| 4   | 197    | 0           | 2880       | 0.002963    | 2       |
+-----+--------+-------------+------------+-------------+---------+
| 4   | 204    | 0           | 2880       | 0.002963    | 2       |
+-----+--------+-------------+------------+-------------+---------+
| 4   | 205    | 0           | 2880       | 0.002963    | 2       |
+-----+--------+-------------+------------+-------------+---------+
| 4   | 208    | 0           | 2880       | 0.002963    | 2       |
+-----+--------+-------------+------------+-------------+---------+
| 4   | 219    | 0           | 2880       | 0.002963    | 2       |
+-----+--------+-------------+------------+-------------+---------+
| 4   | 243    | 0           | 2880       | 0.002963    | 2       |
+-----+--------+-------------+------------+-------------+---------+
| 4   | 247    | 0           | 2880       | 0.002963    | 2       |
+-----+--------+-------------+------------+-------------+---------+
| 4   | 251    | 0           | 2880       | 0.002963    | 2       |
+-----+--------+-------------+------------+-------------+---------+
| 4   | 261    | 0           | 2880       | 0.002963    | 2       |
+-----+--------+-------------+------------+-------------+---------+
| 4   | 263    | 0           | 2880       | 0.002963    | 2       |
+-----+--------+-------------+------------+-------------+---------+
| 4   | 265    | 0           | 2880       | 0.002963    | 2       |
+-----+--------+-------------+------------+-------------+---------+
| 4   | 267    | 0           | 2880       | 0.002963    | 2       |
+-----+--------+-------------+------------+-------------+---------+
| 4   | 269    | 0           | 2880       | 0.002963    | 2       |
+-----+--------+-------------+------------+-------------+---------+
| 4   | 271    | 0           | 2880       | 0.002963    | 2       |
+-----+--------+-------------+------------+-------------+---------+
| 4   | 275    | 0           | 2880       | 0.002963    | 2       |
+-----+--------+-------------+------------+-------------+---------+
| 5   | 20     | 0           | 2880       | 0.002963    | 2       |
+-----+--------+-------------+------------+-------------+---------+
| 5   | 35     | 0           | 2880       | 0.002963    | 2       |
+-----+--------+-------------+------------+-------------+---------+
| 5   | 105    | 0           | 2880       | 0.002963    | 2       |
+-----+--------+-------------+------------+-------------+---------+
| 5   | 120    | 0           | 2880       | 0.002963    | 2       |
+-----+--------+-------------+------------+-------------+---------+
| 4   | 181    | 0           | 2880       | 0.002963    | 2       |
+-----+--------+-------------+------------+-------------+---------+
| 4   | 179    | 0           | 2880       | 0.002963    | 2       |
+-----+--------+-------------+------------+-------------+---------+
| 4   | 173    | 0           | 2880       | 0.002963    | 2       |
+-----+--------+-------------+------------+-------------+---------+
| 4   | 20     | 0           | 2880       | 0.002963    | 2       |
+-----+--------+-------------+------------+-------------+---------+
| 3   | 193    | 0           | 2880       | 0.002963    | 2       |
+-----+--------+-------------+------------+-------------+---------+
| 3   | 197    | 0           | 2880       | 0.002963    | 2       |
+-----+--------+-------------+------------+-------------+---------+
| 3   | 204    | 0           | 2880       | 0.002963    | 2       |
+-----+--------+-------------+------------+-------------+---------+
| 3   | 205    | 0           | 2880       | 0.002963    | 2       |
+-----+--------+-------------+------------+-------------+---------+
| 3   | 219    | 0           | 2880       | 0.002963    | 2       |
+-----+--------+-------------+------------+-------------+---------+
| 3   | 239    | 0           | 2880       | 0.002963    | 2       |
+-----+--------+-------------+------------+-------------+---------+
| 3   | 261    | 0           | 2880       | 0.002963    | 2       |
+-----+--------+-------------+------------+-------------+---------+
| 3   | 263    | 0           | 2880       | 0.002963    | 2       |
+-----+--------+-------------+------------+-------------+---------+
| 3   | 265    | 0           | 2880       | 0.002963    | 2       |
+-----+--------+-------------+------------+-------------+---------+
| 3   | 275    | 0           | 2880       | 0.002963    | 2       |
+-----+--------+-------------+------------+-------------+---------+
| 4   | 35     | 0           | 2880       | 0.002963    | 2       |
+-----+--------+-------------+------------+-------------+---------+
| 4   | 171    | 0           | 2880       | 0.002963    | 2       |
+-----+--------+-------------+------------+-------------+---------+
| 4   | 105    | 0           | 2880       | 0.002963    | 2       |
+-----+--------+-------------+------------+-------------+---------+
| 4   | 120    | 0           | 2880       | 0.002963    | 2       |
+-----+--------+-------------+------------+-------------+---------+
| 4   | 121    | 0           | 2880       | 0.002963    | 2       |
+-----+--------+-------------+------------+-------------+---------+
| 4   | 143    | 0           | 2880       | 0.002963    | 2       |
+-----+--------+-------------+------------+-------------+---------+
| 4   | 147    | 0           | 2880       | 0.002963    | 2       |
+-----+--------+-------------+------------+-------------+---------+
| 4   | 159    | 0           | 2880       | 0.002963    | 2       |
+-----+--------+-------------+------------+-------------+---------+
| 4   | 163    | 0           | 2880       | 0.002963    | 2       |
+-----+--------+-------------+------------+-------------+---------+
| 4   | 166    | 0           | 2880       | 0.002963    | 2       |
+-----+--------+-------------+------------+-------------+---------+
| 4   | 167    | 0           | 2880       | 0.002963    | 2       |
+-----+--------+-------------+------------+-------------+---------+
################# cycle 2: time 4 #################
Total number of measurements: 4
New measurements taken at: ['169', '184']
Number of scenarios in confidence interval: 402
Percentage of nodes correctly identified: 0.164948453608
Total number of scenarios 603
+-----+--------+-------------+------------+-------------+---------+
| HID | SOURCE | START (min) | STOP (min) | PROBABILITY | MATCHES |
+=====+========+=============+============+=============+=========+
| 0   | 121    | 0           | 2880       | 0.050994    | 4       |
+-----+--------+-------------+------------+-------------+---------+
| 0   | 111    | 0           | 2880       | 0.050994    | 4       |
+-----+--------+-------------+------------+-------------+---------+
| 0   | 123    | 0           | 2880       | 0.050994    | 4       |
+-----+--------+-------------+------------+-------------+---------+
| 0   | 120    | 0           | 2880       | 0.050994    | 4       |
+-----+--------+-------------+------------+-------------+---------+
| 0   | 119    | 0           | 2880       | 0.050994    | 4       |
+-----+--------+-------------+------------+-------------+---------+
| 0   | 117    | 0           | 2880       | 0.050994    | 4       |
+-----+--------+-------------+------------+-------------+---------+
| 0   | 115    | 0           | 2880       | 0.050994    | 4       |
+-----+--------+-------------+------------+-------------+---------+
| 1   | 205    | 0           | 2880       | 0.002684    | 3       |
+-----+--------+-------------+------------+-------------+---------+
| 5   | 263    | 0           | 2880       | 0.002684    | 3       |
+-----+--------+-------------+------------+-------------+---------+
| 4   | 147    | 0           | 2880       | 0.002684    | 3       |
+-----+--------+-------------+------------+-------------+---------+
| 7   | 207    | 0           | 2880       | 0.002684    | 3       |
+-----+--------+-------------+------------+-------------+---------+
| 5   | 265    | 0           | 2880       | 0.002684    | 3       |
+-----+--------+-------------+------------+-------------+---------+
| 7   | 205    | 0           | 2880       | 0.002684    | 3       |
+-----+--------+-------------+------------+-------------+---------+
| 7   | 204    | 0           | 2880       | 0.002684    | 3       |
+-----+--------+-------------+------------+-------------+---------+
| 7   | 203    | 0           | 2880       | 0.002684    | 3       |
+-----+--------+-------------+------------+-------------+---------+
| 5   | 267    | 0           | 2880       | 0.002684    | 3       |
+-----+--------+-------------+------------+-------------+---------+
| 5   | 261    | 0           | 2880       | 0.002684    | 3       |
+-----+--------+-------------+------------+-------------+---------+
| 7   | 199    | 0           | 2880       | 0.002684    | 3       |
+-----+--------+-------------+------------+-------------+---------+
| 5   | 269    | 0           | 2880       | 0.002684    | 3       |
+-----+--------+-------------+------------+-------------+---------+
| 5   | 271    | 0           | 2880       | 0.002684    | 3       |
+-----+--------+-------------+------------+-------------+---------+
| 1   | 243    | 0           | 2880       | 0.002684    | 3       |
+-----+--------+-------------+------------+-------------+---------+
| 7   | 191    | 0           | 2880       | 0.002684    | 3       |
+-----+--------+-------------+------------+-------------+---------+
| 1   | 247    | 0           | 2880       | 0.002684    | 3       |
+-----+--------+-------------+------------+-------------+---------+
| 1   | 253    | 0           | 2880       | 0.002684    | 3       |
+-----+--------+-------------+------------+-------------+---------+
| 1   | 261    | 0           | 2880       | 0.002684    | 3       |
+-----+--------+-------------+------------+-------------+---------+
| 1   | 263    | 0           | 2880       | 0.002684    | 3       |
+-----+--------+-------------+------------+-------------+---------+
| 1   | 265    | 0           | 2880       | 0.002684    | 3       |
+-----+--------+-------------+------------+-------------+---------+
| 1   | 267    | 0           | 2880       | 0.002684    | 3       |
+-----+--------+-------------+------------+-------------+---------+
| 1   | 269    | 0           | 2880       | 0.002684    | 3       |
+-----+--------+-------------+------------+-------------+---------+
| 7   | 169    | 0           | 2880       | 0.002684    | 3       |
+-----+--------+-------------+------------+-------------+---------+
| 1   | 204    | 0           | 2880       | 0.002684    | 3       |
+-----+--------+-------------+------------+-------------+---------+
| 8   | 121    | 0           | 2880       | 0.002684    | 3       |
+-----+--------+-------------+------------+-------------+---------+
| 7   | 243    | 0           | 2880       | 0.002684    | 3       |
+-----+--------+-------------+------------+-------------+---------+
| 8   | 35     | 0           | 2880       | 0.002684    | 3       |
+-----+--------+-------------+------------+-------------+---------+
| 8   | 143    | 0           | 2880       | 0.002684    | 3       |
+-----+--------+-------------+------------+-------------+---------+
| 8   | 139    | 0           | 2880       | 0.002684    | 3       |
+-----+--------+-------------+------------+-------------+---------+
| 4   | 265    | 0           | 2880       | 0.002684    | 3       |
+-----+--------+-------------+------------+-------------+---------+
| 4   | 267    | 0           | 2880       | 0.002684    | 3       |
+-----+--------+-------------+------------+-------------+---------+
| 4   | 269    | 0           | 2880       | 0.002684    | 3       |
+-----+--------+-------------+------------+-------------+---------+
| 6   | 147    | 0           | 2880       | 0.002684    | 3       |
+-----+--------+-------------+------------+-------------+---------+
| 4   | 271    | 0           | 2880       | 0.002684    | 3       |
+-----+--------+-------------+------------+-------------+---------+
| 5   | 247    | 0           | 2880       | 0.002684    | 3       |
+-----+--------+-------------+------------+-------------+---------+
| 1   | 191    | 0           | 2880       | 0.002684    | 3       |
+-----+--------+-------------+------------+-------------+---------+
| 1   | 195    | 0           | 2880       | 0.002684    | 3       |
+-----+--------+-------------+------------+-------------+---------+
| 5   | 253    | 0           | 2880       | 0.002684    | 3       |
+-----+--------+-------------+------------+-------------+---------+
| 7   | 247    | 0           | 2880       | 0.002684    | 3       |
+-----+--------+-------------+------------+-------------+---------+
| 1   | 199    | 0           | 2880       | 0.002684    | 3       |
+-----+--------+-------------+------------+-------------+---------+
| 7   | 271    | 0           | 2880       | 0.002684    | 3       |
+-----+--------+-------------+------------+-------------+---------+
| 7   | 269    | 0           | 2880       | 0.002684    | 3       |
+-----+--------+-------------+------------+-------------+---------+
| 7   | 267    | 0           | 2880       | 0.002684    | 3       |
+-----+--------+-------------+------------+-------------+---------+
################# cycle 3: time 5 #################
Total number of measurements: 6
New measurements taken at: ['189', '203']
Number of scenarios in confidence interval: 209
Percentage of nodes correctly identified: 0.340206185567
Total number of scenarios 603
+-----+--------+-------------+------------+-------------+---------+
| HID | SOURCE | START (min) | STOP (min) | PROBABILITY | MATCHES |
+=====+========+=============+============+=============+=========+
| 0   | 119    | 0           | 2880       | 0.123590    | 6       |
+-----+--------+-------------+------------+-------------+---------+
| 0   | 120    | 0           | 2880       | 0.123590    | 6       |
+-----+--------+-------------+------------+-------------+---------+
| 0   | 117    | 0           | 2880       | 0.123590    | 6       |
+-----+--------+-------------+------------+-------------+---------+
| 0   | 115    | 0           | 2880       | 0.123590    | 6       |
+-----+--------+-------------+------------+-------------+---------+
| 0   | 111    | 0           | 2880       | 0.123590    | 6       |
+-----+--------+-------------+------------+-------------+---------+
| 0   | 121    | 0           | 2880       | 0.123590    | 6       |
+-----+--------+-------------+------------+-------------+---------+
| 0   | 123    | 0           | 2880       | 0.123590    | 6       |
+-----+--------+-------------+------------+-------------+---------+
| 0   | 157    | 0           | 2880       | 0.006505    | 5       |
+-----+--------+-------------+------------+-------------+---------+
| 0   | 113    | 0           | 2880       | 0.006505    | 5       |
+-----+--------+-------------+------------+-------------+---------+
| 0   | 267    | 0           | 2880       | 0.006505    | 5       |
+-----+--------+-------------+------------+-------------+---------+
| 0   | 193    | 0           | 2880       | 0.006505    | 5       |
+-----+--------+-------------+------------+-------------+---------+
| 7   | 203    | 0           | 2880       | 0.006505    | 5       |
+-----+--------+-------------+------------+-------------+---------+
| 0   | 263    | 0           | 2880       | 0.006505    | 5       |
+-----+--------+-------------+------------+-------------+---------+
| 0   | 259    | 0           | 2880       | 0.006505    | 5       |
+-----+--------+-------------+------------+-------------+---------+
| 0   | 257    | 0           | 2880       | 0.006505    | 5       |
+-----+--------+-------------+------------+-------------+---------+
| 0   | 261    | 0           | 2880       | 0.006505    | 5       |
+-----+--------+-------------+------------+-------------+---------+
| 2   | 261    | 0           | 2880       | 0.000342    | 4       |
+-----+--------+-------------+------------+-------------+---------+
| 2   | 263    | 0           | 2880       | 0.000342    | 4       |
+-----+--------+-------------+------------+-------------+---------+
| 2   | 247    | 0           | 2880       | 0.000342    | 4       |
+-----+--------+-------------+------------+-------------+---------+
| 2   | 243    | 0           | 2880       | 0.000342    | 4       |
+-----+--------+-------------+------------+-------------+---------+
| 2   | 169    | 0           | 2880       | 0.000342    | 4       |
+-----+--------+-------------+------------+-------------+---------+
| 2   | 265    | 0           | 2880       | 0.000342    | 4       |
+-----+--------+-------------+------------+-------------+---------+
| 2   | 205    | 0           | 2880       | 0.000342    | 4       |
+-----+--------+-------------+------------+-------------+---------+
| 2   | 267    | 0           | 2880       | 0.000342    | 4       |
+-----+--------+-------------+------------+-------------+---------+
| 2   | 269    | 0           | 2880       | 0.000342    | 4       |
+-----+--------+-------------+------------+-------------+---------+
| 7   | 169    | 0           | 2880       | 0.000342    | 4       |
+-----+--------+-------------+------------+-------------+---------+
| 2   | 271    | 0           | 2880       | 0.000342    | 4       |
+-----+--------+-------------+------------+-------------+---------+
| 7   | 163    | 0           | 2880       | 0.000342    | 4       |
+-----+--------+-------------+------------+-------------+---------+
| 3   | 120    | 0           | 2880       | 0.000342    | 4       |
+-----+--------+-------------+------------+-------------+---------+
| 3   | 197    | 0           | 2880       | 0.000342    | 4       |
+-----+--------+-------------+------------+-------------+---------+
| 4   | 35     | 0           | 2880       | 0.000342    | 4       |
+-----+--------+-------------+------------+-------------+---------+
| 7   | 147    | 0           | 2880       | 0.000342    | 4       |
+-----+--------+-------------+------------+-------------+---------+
| 7   | 143    | 0           | 2880       | 0.000342    | 4       |
+-----+--------+-------------+------------+-------------+---------+
| 4   | 143    | 0           | 2880       | 0.000342    | 4       |
+-----+--------+-------------+------------+-------------+---------+
| 4   | 147    | 0           | 2880       | 0.000342    | 4       |
+-----+--------+-------------+------------+-------------+---------+
| 7   | 191    | 0           | 2880       | 0.000342    | 4       |
+-----+--------+-------------+------------+-------------+---------+
| 7   | 205    | 0           | 2880       | 0.000342    | 4       |
+-----+--------+-------------+------------+-------------+---------+
| 2   | 204    | 0           | 2880       | 0.000342    | 4       |
+-----+--------+-------------+------------+-------------+---------+
| 7   | 199    | 0           | 2880       | 0.000342    | 4       |
+-----+--------+-------------+------------+-------------+---------+
| 1   | 271    | 0           | 2880       | 0.000342    | 4       |
+-----+--------+-------------+------------+-------------+---------+
| 2   | 35     | 0           | 2880       | 0.000342    | 4       |
+-----+--------+-------------+------------+-------------+---------+
| 8   | 121    | 0           | 2880       | 0.000342    | 4       |
+-----+--------+-------------+------------+-------------+---------+
| 2   | 143    | 0           | 2880       | 0.000342    | 4       |
+-----+--------+-------------+------------+-------------+---------+
| 2   | 147    | 0           | 2880       | 0.000342    | 4       |
+-----+--------+-------------+------------+-------------+---------+
| 2   | 159    | 0           | 2880       | 0.000342    | 4       |
+-----+--------+-------------+------------+-------------+---------+
| 2   | 163    | 0           | 2880       | 0.000342    | 4       |
+-----+--------+-------------+------------+-------------+---------+
| 8   | 35     | 0           | 2880       | 0.000342    | 4       |
+-----+--------+-------------+------------+-------------+---------+
| 5   | 269    | 0           | 2880       | 0.000342    | 4       |
+-----+--------+-------------+------------+-------------+---------+
| 7   | 271    | 0           | 2880       | 0.000342    | 4       |
+-----+--------+-------------+------------+-------------+---------+
| 7   | 269    | 0           | 2880       | 0.000342    | 4       |
+-----+--------+-------------+------------+-------------+---------+
################# cycle 4: time 6 #################
Total number of measurements: 8
New measurements taken at: ['50', '161']
Number of scenarios in confidence interval: 9
Percentage of nodes correctly identified: 0.618556701031
Total number of scenarios 603
+-----+--------+-------------+------------+-------------+---------+
| HID | SOURCE | START (min) | STOP (min) | PROBABILITY | MATCHES |
+=====+========+=============+============+=============+=========+
| 0   | 123    | 0           | 2880       | 0.139187    | 8       |
+-----+--------+-------------+------------+-------------+---------+
| 0   | 111    | 0           | 2880       | 0.139187    | 8       |
+-----+--------+-------------+------------+-------------+---------+
| 0   | 121    | 0           | 2880       | 0.139187    | 8       |
+-----+--------+-------------+------------+-------------+---------+
| 0   | 120    | 0           | 2880       | 0.139187    | 8       |
+-----+--------+-------------+------------+-------------+---------+
| 0   | 117    | 0           | 2880       | 0.139187    | 8       |
+-----+--------+-------------+------------+-------------+---------+
| 0   | 115    | 0           | 2880       | 0.139187    | 8       |
+-----+--------+-------------+------------+-------------+---------+
| 0   | 119    | 0           | 2880       | 0.139187    | 8       |
+-----+--------+-------------+------------+-------------+---------+
| 0   | 113    | 0           | 2880       | 0.007326    | 7       |
+-----+--------+-------------+------------+-------------+---------+
| 0   | 157    | 0           | 2880       | 0.007326    | 7       |
+-----+--------+-------------+------------+-------------+---------+
| 0   | 193    | 0           | 2880       | 0.007326    | 7       |
+-----+--------+-------------+------------+-------------+---------+
| 0   | 109    | 0           | 2880       | 0.000386    | 6       |
+-----+--------+-------------+------------+-------------+---------+
| 0   | 267    | 0           | 2880       | 0.000386    | 6       |
+-----+--------+-------------+------------+-------------+---------+
| 0   | 159    | 0           | 2880       | 0.000386    | 6       |
+-----+--------+-------------+------------+-------------+---------+
| 0   | 161    | 0           | 2880       | 0.000386    | 6       |
+-----+--------+-------------+------------+-------------+---------+
| 0   | 257    | 0           | 2880       | 0.000386    | 6       |
+-----+--------+-------------+------------+-------------+---------+
| 0   | 263    | 0           | 2880       | 0.000386    | 6       |
+-----+--------+-------------+------------+-------------+---------+
| 0   | 261    | 0           | 2880       | 0.000386    | 6       |
+-----+--------+-------------+------------+-------------+---------+
| 0   | 259    | 0           | 2880       | 0.000386    | 6       |
+-----+--------+-------------+------------+-------------+---------+
| 0   | 107    | 0           | 2880       | 0.000020    | 5       |
+-----+--------+-------------+------------+-------------+---------+
| 0   | 105    | 0           | 2880       | 0.000020    | 5       |
+-----+--------+-------------+------------+-------------+---------+
| 0   | 103    | 0           | 2880       | 0.000020    | 5       |
+-----+--------+-------------+------------+-------------+---------+
| 0   | 101    | 0           | 2880       | 0.000020    | 5       |
+-----+--------+-------------+------------+-------------+---------+
| 7   | 203    | 0           | 2880       | 0.000020    | 5       |
+-----+--------+-------------+------------+-------------+---------+
| 8   | 167    | 0           | 2880       | 0.000020    | 5       |
+-----+--------+-------------+------------+-------------+---------+
| 6   | 167    | 0           | 2880       | 0.000020    | 5       |
+-----+--------+-------------+------------+-------------+---------+
| 8   | 166    | 0           | 2880       | 0.000020    | 5       |
+-----+--------+-------------+------------+-------------+---------+
| 9   | 166    | 0           | 2880       | 0.000020    | 5       |
+-----+--------+-------------+------------+-------------+---------+
| 1   | 166    | 0           | 2880       | 0.000020    | 5       |
+-----+--------+-------------+------------+-------------+---------+
| 6   | 166    | 0           | 2880       | 0.000020    | 5       |
+-----+--------+-------------+------------+-------------+---------+
| 4   | 167    | 0           | 2880       | 0.000020    | 5       |
+-----+--------+-------------+------------+-------------+---------+
| 2   | 166    | 0           | 2880       | 0.000020    | 5       |
+-----+--------+-------------+------------+-------------+---------+
| 2   | 167    | 0           | 2880       | 0.000020    | 5       |
+-----+--------+-------------+------------+-------------+---------+
| 5   | 167    | 0           | 2880       | 0.000020    | 5       |
+-----+--------+-------------+------------+-------------+---------+
| 5   | 166    | 0           | 2880       | 0.000020    | 5       |
+-----+--------+-------------+------------+-------------+---------+
| 4   | 166    | 0           | 2880       | 0.000020    | 5       |
+-----+--------+-------------+------------+-------------+---------+
| 9   | 167    | 0           | 2880       | 0.000020    | 5       |
+-----+--------+-------------+------------+-------------+---------+
| 1   | 167    | 0           | 2880       | 0.000020    | 5       |
+-----+--------+-------------+------------+-------------+---------+
| 0   | 10     | 0           | 2880       | 0.000001    | 4       |
+-----+--------+-------------+------------+-------------+---------+
| 0   | 191    | 0           | 2880       | 0.000001    | 4       |
+-----+--------+-------------+------------+-------------+---------+
| 0   | 195    | 0           | 2880       | 0.000001    | 4       |
+-----+--------+-------------+------------+-------------+---------+
| 0   | 197    | 0           | 2880       | 0.000001    | 4       |
+-----+--------+-------------+------------+-------------+---------+
| 0   | 265    | 0           | 2880       | 0.000001    | 4       |
+-----+--------+-------------+------------+-------------+---------+
| 0   | 169    | 0           | 2880       | 0.000001    | 4       |
+-----+--------+-------------+------------+-------------+---------+
| 0   | 163    | 0           | 2880       | 0.000001    | 4       |
+-----+--------+-------------+------------+-------------+---------+
| 5   | 173    | 0           | 2880       | 0.000001    | 4       |
+-----+--------+-------------+------------+-------------+---------+
| 5   | 169    | 0           | 2880       | 0.000001    | 4       |
+-----+--------+-------------+------------+-------------+---------+
| 5   | 171    | 0           | 2880       | 0.000001    | 4       |
+-----+--------+-------------+------------+-------------+---------+
| 6   | 267    | 0           | 2880       | 0.000001    | 4       |
+-----+--------+-------------+------------+-------------+---------+
| 5   | 183    | 0           | 2880       | 0.000001    | 4       |
+-----+--------+-------------+------------+-------------+---------+
| 5   | 163    | 0           | 2880       | 0.000001    | 4       |
+-----+--------+-------------+------------+-------------+---------+
################# cycle 5: time 7 #################
Total number of measurements: 10
New measurements taken at: ['40', '149']
Number of scenarios in confidence interval: 9
Percentage of nodes correctly identified: 0.731958762887
Total number of scenarios 603
+-----+--------+-------------+------------+-------------+---------+
| HID | SOURCE | START (min) | STOP (min) | PROBABILITY | MATCHES |
+=====+========+=============+============+=============+=========+
| 0   | 115    | 0           | 2880       | 0.410990    | 10      |
+-----+--------+-------------+------------+-------------+---------+
| 0   | 111    | 0           | 2880       | 0.410990    | 10      |
+-----+--------+-------------+------------+-------------+---------+
| 0   | 113    | 0           | 2880       | 0.021631    | 9       |
+-----+--------+-------------+------------+-------------+---------+
| 0   | 157    | 0           | 2880       | 0.021631    | 9       |
+-----+--------+-------------+------------+-------------+---------+
| 0   | 193    | 0           | 2880       | 0.021631    | 9       |
+-----+--------+-------------+------------+-------------+---------+
| 0   | 117    | 0           | 2880       | 0.021631    | 9       |
+-----+--------+-------------+------------+-------------+---------+
| 0   | 119    | 0           | 2880       | 0.021631    | 9       |
+-----+--------+-------------+------------+-------------+---------+
| 0   | 120    | 0           | 2880       | 0.021631    | 9       |
+-----+--------+-------------+------------+-------------+---------+
| 0   | 121    | 0           | 2880       | 0.021631    | 9       |
+-----+--------+-------------+------------+-------------+---------+
| 0   | 123    | 0           | 2880       | 0.021631    | 9       |
+-----+--------+-------------+------------+-------------+---------+
| 0   | 109    | 0           | 2880       | 0.001138    | 8       |
+-----+--------+-------------+------------+-------------+---------+
| 0   | 159    | 0           | 2880       | 0.001138    | 8       |
+-----+--------+-------------+------------+-------------+---------+
| 0   | 267    | 0           | 2880       | 0.001138    | 8       |
+-----+--------+-------------+------------+-------------+---------+
| 0   | 161    | 0           | 2880       | 0.001138    | 8       |
+-----+--------+-------------+------------+-------------+---------+
| 0   | 257    | 0           | 2880       | 0.000060    | 7       |
+-----+--------+-------------+------------+-------------+---------+
| 0   | 259    | 0           | 2880       | 0.000060    | 7       |
+-----+--------+-------------+------------+-------------+---------+
| 0   | 261    | 0           | 2880       | 0.000060    | 7       |
+-----+--------+-------------+------------+-------------+---------+
| 0   | 263    | 0           | 2880       | 0.000060    | 7       |
+-----+--------+-------------+------------+-------------+---------+
| 0   | 103    | 0           | 2880       | 0.000060    | 7       |
+-----+--------+-------------+------------+-------------+---------+
| 0   | 107    | 0           | 2880       | 0.000060    | 7       |
+-----+--------+-------------+------------+-------------+---------+
| 0   | 163    | 0           | 2880       | 0.000003    | 6       |
+-----+--------+-------------+------------+-------------+---------+
| 0   | 191    | 0           | 2880       | 0.000003    | 6       |
+-----+--------+-------------+------------+-------------+---------+
| 0   | 195    | 0           | 2880       | 0.000003    | 6       |
+-----+--------+-------------+------------+-------------+---------+
| 0   | 197    | 0           | 2880       | 0.000003    | 6       |
+-----+--------+-------------+------------+-------------+---------+
| 0   | 265    | 0           | 2880       | 0.000003    | 6       |
+-----+--------+-------------+------------+-------------+---------+
| 0   | 169    | 0           | 2880       | 0.000003    | 6       |
+-----+--------+-------------+------------+-------------+---------+
| 0   | 105    | 0           | 2880       | 0.000003    | 6       |
+-----+--------+-------------+------------+-------------+---------+
| 7   | 203    | 0           | 2880       | 0.000003    | 6       |
+-----+--------+-------------+------------+-------------+---------+
| 0   | 101    | 0           | 2880       | 0.000003    | 6       |
+-----+--------+-------------+------------+-------------+---------+
| 0   | 10     | 0           | 2880       | 0.000000    | 5       |
+-----+--------+-------------+------------+-------------+---------+
| 0   | 189    | 0           | 2880       | 0.000000    | 5       |
+-----+--------+-------------+------------+-------------+---------+
| 0   | 187    | 0           | 2880       | 0.000000    | 5       |
+-----+--------+-------------+------------+-------------+---------+
| 0   | 269    | 0           | 2880       | 0.000000    | 5       |
+-----+--------+-------------+------------+-------------+---------+
| 0   | 171    | 0           | 2880       | 0.000000    | 5       |
+-----+--------+-------------+------------+-------------+---------+
| 7   | 253    | 0           | 2880       | 0.000000    | 5       |
+-----+--------+-------------+------------+-------------+---------+
| 7   | 35     | 0           | 2880       | 0.000000    | 5       |
+-----+--------+-------------+------------+-------------+---------+
| 2   | 204    | 0           | 2880       | 0.000000    | 5       |
+-----+--------+-------------+------------+-------------+---------+
| 2   | 205    | 0           | 2880       | 0.000000    | 5       |
+-----+--------+-------------+------------+-------------+---------+
| 2   | 243    | 0           | 2880       | 0.000000    | 5       |
+-----+--------+-------------+------------+-------------+---------+
| 2   | 247    | 0           | 2880       | 0.000000    | 5       |
+-----+--------+-------------+------------+-------------+---------+
| 2   | 261    | 0           | 2880       | 0.000000    | 5       |
+-----+--------+-------------+------------+-------------+---------+
| 2   | 263    | 0           | 2880       | 0.000000    | 5       |
+-----+--------+-------------+------------+-------------+---------+
| 2   | 265    | 0           | 2880       | 0.000000    | 5       |
+-----+--------+-------------+------------+-------------+---------+
| 2   | 267    | 0           | 2880       | 0.000000    | 5       |
+-----+--------+-------------+------------+-------------+---------+
| 7   | 265    | 0           | 2880       | 0.000000    | 5       |
+-----+--------+-------------+------------+-------------+---------+
| 7   | 263    | 0           | 2880       | 0.000000    | 5       |
+-----+--------+-------------+------------+-------------+---------+
| 6   | 261    | 0           | 2880       | 0.000000    | 5       |
+-----+--------+-------------+------------+-------------+---------+
| 2   | 269    | 0           | 2880       | 0.000000    | 5       |
+-----+--------+-------------+------------+-------------+---------+
| 2   | 271    | 0           | 2880       | 0.000000    | 5       |
+-----+--------+-------------+------------+-------------+---------+
| 6   | 271    | 0           | 2880       | 0.000000    | 5       |
+-----+--------+-------------+------------+-------------+---------+
---------------------SUMMARY---------------------
Number of cycles: 6
Total number of measurements: 12
Number of measurements [0, 2, 4, 6, 8, 10]
Uncertain Nodes in each cycle [64, 69, 81, 64, 37, 26]
Percentage of nodes correctly identified [0.29896907216494845, 0.27835051546391754, 0.16494845360824742, 0.3402061855670103, 0.6185567010309279, 0.7319587628865979]
Number of scenarios in confidence interval in each cycle [603, 390, 402, 209, 9, 9]
Largest probability of scenario per cycle [0.001658374792703151, 0.0029630724023868736, 0.050994386825768047, 0.12359011947481893, 0.1391867371750404, 0.41098967801547764]
