------------------------------------------------------------------------------
Sensor placement id:        180417
Number of sensors:          5
Total cost:                 0
Sensor node IDs:            16 28 38 63 74 
Sensor junctions:           113 141 163 207 237 

Impact File:                c:/wst-1.5/doc/wst/examples/sp/Net3/Net3_ec.impact
Number of events:           236
Min impact:                 0.0000
Mean impact:                8763.7513
Lower quartile impact:      0.0000
Median impact:              7110.0000
Upper quartile impact:      12315.9000
Value at Risk (VaR) (  5%): 27754.8000
TCE                 (  5%): 34161.9833
Max impact:                 41105.0000

Impact File:                c:/wst-1.5/doc/wst/examples/sp/Net3/Net3_mc.impact
Number of events:           236
Min impact:                 0.0000
Mean impact:                46060.0860
Lower quartile impact:      192.2400
Median impact:              2039.0300
Upper quartile impact:      124175.0000
Value at Risk (VaR) (  5%): 143999.0000
TCE                 (  5%): 143999.0000
Max impact:                 143999.0000
------------------------------------------------------------------------------
------------------------------------------------------------------------------
Greedy ordering of sensors: c:/wst-1.5/doc/wst/examples/sp/Net3/Net3_ec.impact
------------------------------------------------------------------------------
-1	47126.3322
63	23283.0614
38	16121.9182
16	11657.3742
28	9945.0225
74	8763.7513
------------------------------------------------------------------------------
Greedy ordering of sensors: c:/wst-1.5/doc/wst/examples/sp/Net3/Net3_mc.impact
------------------------------------------------------------------------------
-1	136858.7347
74	61640.7514
28	46758.6920
63	46281.6318
16	46085.6101
38	46060.0860
