------------------------------------------------------------------------------
Sensor placement id:        180497
Number of sensors:          11
Total cost:                 0
Sensor node IDs:            10 16 18 21 24 32 38 46 53 63 74 
Sensor junctions:           101 113 117 121 127 149 163 179 191 207 237 

Impact File:                c:/wst-1.5/doc/wst/examples/sp/Net3/Net3_ec.impact
Number of events:           236
Min impact:                 0.0000
Mean impact:                4724.7551
Lower quartile impact:      0.0000
Median impact:              3695.0000
Upper quartile impact:      9485.0000
Value at Risk (VaR) (  5%): 12230.0000
TCE                 (  5%): 14060.8333
Max impact:                 18020.0000
------------------------------------------------------------------------------
------------------------------------------------------------------------------
Greedy ordering of sensors: c:/wst-1.5/doc/wst/examples/sp/Net3/Net3_ec.impact
------------------------------------------------------------------------------
-1	47126.3322
63	23283.0614
38	16121.9182
16	11657.3742
21	10174.8530
32	8824.5564
74	7643.2852
10	6916.9716
46	6255.5941
24	5677.5178
53	5190.0517
18	4724.7551
