------------------------------------------------------------------------------
Sensor placement id:        114124
Number of sensors:          5
Total cost:                 0
Sensor node IDs:            16 21 28 38 65 
Sensor junctions:           113 121 141 163 209 

Impact File: Net3_ec.impact
Number of events:           236
Min impact:                 0.0000
Mean impact:                8655.8064
Lower quartile impact:      0.0000
Median impact:              7110.0000
Upper quartile impact:      12444.0000
Value at Risk (VaR) (  5%): 27269.0000
TCE                 (  5%): 29853.9750
Max impact:                 36740.0000
------------------------------------------------------------------------------
------------------------------------------------------------------------------
Greedy ordering of sensors: Net3_ec.impact
------------------------------------------------------------------------------
-1	47126.3322
38	23998.0814
65	16138.4225
16	11534.0903
28	9821.7386
21	8655.8064
