Checking references in Acronyms.tex
   No changes detected.
Checking references in Disclaimer.tex
   No changes detected.
Checking references in EPAAcknowledgements.tex
   No changes detected.
Checking references in Forward.tex
   No changes detected.
Checking references in InstallGuide.tex
   No changes detected.
Checking references in LicenseNotice.tex
   No changes detected.
Checking references in SANDAcknowledgements.tex
   No changes detected.
Checking references in Symbols.tex
   No changes detected.
Checking references in appendix.tex
   No changes detected.
Checking references in booster.tex
   Checking reference:   \unknownInputListing{examples/booster_msx_config.yml}{}{1}{47}
   Checking reference:   \unknownInputListing{examples/booster_mip_config.yml}{}{1}{49}
   Checking reference:   \unknownInputListing{../../examples/booster_mip_ex1.yml}{}{1}{33}
   Checking reference:   \unknownInputListing{examples/booster/booster_mip_ex1_output_3.yml}{}{1}{27}
   Checking reference:   \unknownInputListing{../../examples/booster_msx_ex1.yml}{}{1}{32}
   No changes detected.
Checking references in executables.tex
   No changes detected.
Checking references in flushing.tex
   Checking reference:   \unknownInputListing{examples/flushing_config.yml}{}{1}{50}
   Checking reference:   \unknownInputListing{../../examples/flushing_ex1.yml}{}{1}{55}
   Checking reference:   \unknownInputListing{examples/flushing/flushing_ex1_output.yml}{}{1}{11}
   Checking reference:   \unknownInputListing{../../examples/flushing_ex2.yml}{}{1}{45}
   Checking reference:   \unknownInputListing{examples/flushing/flushing_ex2_output.yml}{}{1}{11}
   Checking reference:   \unknownInputListing{../../examples/flushing_ex3.yml}{}{1}{44}
   Checking reference:   \unknownInputListing{examples/flushing/flushing_ex3_output.yml}{}{1}{11}
   Checking reference:   \unknownInputListing{../../examples/flushing_ex4.yml}{}{1}{46}
   Checking reference:   \unknownInputListing{examples/flushing/flushing_ex4_output.yml}{}{1}{11}
   No changes detected.
Checking references in flushing_case_study.tex
   No changes detected.
Checking references in formats.tex
   Checking reference: \unknownInputListing{examples/flushing_config.yml}{}{1}{50}
   Checking reference: \unknownInputListing{fileFormats/dvfFormat.txt}{}{1}{16}{}
   Checking reference: \unknownInputListing{fileFormats/tiaFormat.txt}{1}{1}{102}
   Checking reference: \unknownInputListing{fileFormats/tsgFormat_msx.txt}{}{1}{44}{}
   Checking reference: \unknownInputListing{fileFormats/tsiFormat_msx.txt}{1}{1}{23}
   No changes detected.
Checking references in gettingstarted.tex
   Checking reference: \unknownInputListing{examples/tevasim/template_screen.txt}{}{1}{11}
   No changes detected.
Checking references in history.tex
   No changes detected.
Checking references in install.tex
   No changes detected.
Checking references in intro.tex
   No changes detected.
Checking references in inversion.tex
   Checking reference:   \unknownInputListing{examples/inversion_config.yml}{}{1}{35}
   Checking reference:   \unknownInputListing{../../examples/inversion_ex1.yml}{}{1}{26}
   Checking reference:   \unknownInputListing{examples/inversion/inversion_ex1_output.yml}{}{1}{15}
   Checking reference:   \unknownInputListing{../../examples/inversion_ex2.yml}{}{1}{26}
   Checking reference:   \unknownInputListing{examples/inversion/inversion_ex2_output.yml}{}{1}{13}
   Checking reference:   \unknownInputListing{../../examples/inversion_ex3.yml}{}{1}{26}
   Checking reference:   \unknownInputListing{examples/inversion/inversion_ex3_output.yml}{}{1}{13}
   No changes detected.
Checking references in inversion_case_study.tex
   No changes detected.
Checking references in macros.tex
   No changes detected.
Checking references in merlion.tex
   No changes detected.
Checking references in sampling.tex
   Checking reference:   \unknownInputListing{examples/grabsample_config.yml}{}{1}{46}
   Checking reference:   \unknownInputListing{../../examples/grabsample_ex1.yml}{}{1}{32}
   Checking reference:   \unknownInputListing{examples/sampling/grabsample_ex1_output.yml}{}{1}{13}
   Checking reference:   \unknownInputListing{../../examples/grabsample_ex2.yml}{}{1}{28}
   Checking reference:   \unknownInputListing{../../examples/Net3/grabsample/list_scenarios.dat}{}{1}{10}
   Checking reference:   \unknownInputListing{../../examples/Net3/grabsample/MEAS.dat}{}{1}{3}
   Checking reference:   \unknownInputListing{examples/sampling/gs_ex2_output.yml}{}{1}{13}
   No changes detected.
Checking references in sampling_case_study.tex
   Checking reference:   \unknownInputListing{../../examples/case_studies/sampling/sampling_case_study.yml }{}{1}{13}
   No changes detected.
Checking references in sim2Impact.tex
   Checking reference:   \unknownInputListing{examples/sim2Impact_config.yml}{}{1}{13}
   Checking reference:   \unknownInputListing{../../examples/sim2Impact_ex1.yml}{}{1}{11}
   Checking reference:   \unknownInputListing{../../examples/sim2Impact_ex2.yml}{}{1}{11}
   Checking reference:   \unknownInputListing{../../examples/sim2Impact_ex3.yml}{}{1}{11}
   Checking reference:   \unknownInputListing{../../examples/sim2Impact_ex3.yml}{}{1}{11}
   No changes detected.
Checking references in sp-pmedian.tex
   Checking reference:   \unknownInputListing{examples/sp/sp_bound.yml}{}{1}{28}
   Checking reference:   \unknownInputListing{examples/sp/sp_bound_output.yml}{}{1}{14}
   Checking reference:   \unknownInputListing{examples/sp/sp_bound_lag.yml}{}{1}{28}
   Checking reference:   \unknownInputListing{examples/sp/sp_bound_lag_output.yml}{}{1}{14}
   Checking reference:   \unknownInputListing{examples/sp/sp_bound_only_lag.yml}{}{1}{29}
   Checking reference: \unknownInputListing{examples/sp/fixed1.yml}{block}{22}{28}
   Checking reference:   \unknownInputListing{examples/sp/evalsensor_ex1_screen_output.txt}{}{1}{29}
   Checking reference:   \unknownInputListing{examples/sp/evalsensor_ex2_screen_output.txt}{}{1}{18}
   No changes detected.
Checking references in sp.tex
   Checking reference: 	\unknownInputListing{examples/sp_config.yml}{}{1}{24}
   Updating reference: 	\unknownInputListing{examples/sp_config.yml}{}{1}{24}
   Checking reference: 	\unknownInputListing{examples/sp_config.yml}{}{25}{67}
   Updating reference: 	\unknownInputListing{examples/sp_config.yml}{}{25}{67}
   Checking reference:   \unknownInputListing{../../examples/sp_ex1.yml}{}{1}{27}
   Checking reference:   \unknownInputListing{examples/sp/sp_ex1_output.yml}{}{1}{14}
   Checking reference:   \unknownInputListing{examples/sp/sp_ex1_evalsensor.out}{}{1}{27}
   Checking reference:   \unknownInputListing{../../examples/sp_ex2.yml}{}{1}{30}
   Checking reference:   \unknownInputListing{examples/sp/sp_ex2_evalsensor.out}{}{1}{47}
   Checking reference:   \unknownInputListing{../../examples/sp_ex3.yml}{}{1}{27}
   Checking reference:   \unknownInputListing{examples/sp/sp_ex3_evalsensor.out}{}{1}{27}
   Checking reference:   \unknownInputListing{../../examples/sp_ex4.yml}{}{1}{27}
   Checking reference:   \unknownInputListing{examples/sp/sp_ex4_evalsensor.out}{}{1}{27}
   Checking reference:   \unknownInputListing{../../examples/sp_ex5.yml}{}{1}{28}
   Checking reference:   \unknownInputListing{examples/sp/sp_ex5_evalsensor.out}{}{1}{27}
   Checking reference:   \unknownInputListing{../../examples/sp_ex6a.yml}{}{1}{36}
   Checking reference:   \unknownInputListing{examples/sp/sp_ex6a_evalsensor.out}{}{1}{47}
   Checking reference:   \unknownInputListing{../../examples/sp_ex6b.yml}{}{1}{36}
   Checking reference:   \unknownInputListing{examples/sp/sp_ex6b_evalsensor.out}{}{1}{47}
   Checking reference:   \unknownInputListing{../../examples/sp_ex7.yml}{}{1}{27}
   Checking reference:   \unknownInputListing{examples/sp/sp_ex7_evalsensor.out}{}{1}{33}
   Changes detected; rewriting sp.tex
Checking references in tevasim.tex
   Checking reference:   \unknownInputListing{examples/tevasim_config.yml}{}{1}{21}
   Checking reference:   \unknownInputListing{../../examples/Net3/Net3.tsg}{}{1}{8}
   Checking reference:   \unknownInputListing{../../examples/tevasim_ex1.yml}{}{1}{8}
   Checking reference:   \unknownInputListing{../../examples/tevasim_ex2.yml}{}{1}{17}
   No changes detected.
Checking references in titlepg.tex
   No changes detected.
Checking references in unixInstall.tex
   No changes detected.
Checking references in uq.tex
   Checking reference:   \unknownInputListing{examples/uq_config.yml}{}{1}{17}
   Checking reference:   \unknownInputListing{../../examples/uq_ex1.yml}{}{1}{17}
   Checking reference:   \unknownInputListing{../../examples/Net3/uq/list_scenarios.dat}{}{1}{3}
   Checking reference:   \unknownInputListing{examples/uq/uq_ex1_screen_output.txt}{}{1}{31}
   No changes detected.
Checking references in userman.tex
   No changes detected.
Checking references in visualization.tex
   Checking reference:   \unknownInputListing{examples/visualization_config.yml}{}{1}{64}
   Checking reference:   \unknownInputListing{../../examples/visualization_ex1.yml}{}{1}{46}
   Checking reference:   \unknownInputListing{../../examples/visualization_ex2.yml}{}{1}{38}
   Checking reference:   \unknownInputListing{../../examples/Net3/Net3_locations.yml}{}{1}{5}
   No changes detected.
