\BOOKMARK [0][-]{chapter.1}{Introduction}{}% 1
\BOOKMARK [0][-]{chapter.2}{Getting Started}{}% 2
\BOOKMARK [1][-]{section.2.1}{Obtaining the Water Security Toolkit}{chapter.2}% 3
\BOOKMARK [1][-]{section.2.2}{Dependencies of the Water Security Toolkit}{chapter.2}% 4
\BOOKMARK [1][-]{section.2.3}{Installing the Water Security Toolkit Binary Distributions}{chapter.2}% 5
\BOOKMARK [0][-]{chapter.3}{Contaminant Transport}{}% 6
\BOOKMARK [1][-]{section.3.1}{Hydraulic and Water Quality Analysis}{chapter.3}% 7
\BOOKMARK [2][-]{subsection.3.1.1}{EPANET and EPANET-MSX}{section.3.1}% 8
\BOOKMARK [2][-]{subsection.3.1.2}{Merlion}{section.3.1}% 9
\BOOKMARK [1][-]{section.3.2}{Contaminant Transport Scenarios}{chapter.3}% 10
\BOOKMARK [1][-]{section.3.3}{tevasim Subcommand}{chapter.3}% 11
\BOOKMARK [2][-]{subsection.3.3.1}{Configuration File}{section.3.3}% 12
\BOOKMARK [2][-]{subsection.3.3.2}{Configuration Options}{section.3.3}% 13
\BOOKMARK [2][-]{subsection.3.3.3}{Subcommand Output}{section.3.3}% 14
\BOOKMARK [1][-]{section.3.4}{Contaminant Transport Examples}{chapter.3}% 15
\BOOKMARK [2][-]{subsection.3.4.1}{Example 1}{section.3.4}% 16
\BOOKMARK [2][-]{subsection.3.4.2}{Example 2}{section.3.4}% 17
\BOOKMARK [0][-]{chapter.4}{Impact Assessment}{}% 18
\BOOKMARK [1][-]{section.4.1}{Impact Metrics}{chapter.4}% 19
\BOOKMARK [1][-]{section.4.2}{Human Health Impact Model}{chapter.4}% 20
\BOOKMARK [2][-]{subsection.4.2.1}{Population}{section.4.2}% 21
\BOOKMARK [2][-]{subsection.4.2.2}{Cumulative Dose}{section.4.2}% 22
\BOOKMARK [2][-]{subsection.4.2.3}{Response}{section.4.2}% 23
\BOOKMARK [2][-]{subsection.4.2.4}{Disease Progression Model}{section.4.2}% 24
\BOOKMARK [1][-]{section.4.3}{sim2Impact Subcommand}{chapter.4}% 25
\BOOKMARK [2][-]{subsection.4.3.1}{Configuration File}{section.4.3}% 26
\BOOKMARK [2][-]{subsection.4.3.2}{Configuration Options}{section.4.3}% 27
\BOOKMARK [2][-]{subsection.4.3.3}{Subcommand Output}{section.4.3}% 28
\BOOKMARK [1][-]{section.4.4}{Impact Assessment Examples}{chapter.4}% 29
\BOOKMARK [2][-]{subsection.4.4.1}{Example 1}{section.4.4}% 30
\BOOKMARK [2][-]{subsection.4.4.2}{Example 2}{section.4.4}% 31
\BOOKMARK [2][-]{subsection.4.4.3}{Example 3}{section.4.4}% 32
\BOOKMARK [0][-]{chapter.5}{Sensor Placement}{}% 33
\BOOKMARK [1][-]{section.5.1}{Sensor Placement Formulations}{chapter.5}% 34
\BOOKMARK [2][-]{subsection.5.1.1}{Expected-Impact Formulation}{section.5.1}% 35
\BOOKMARK [2][-]{subsection.5.1.2}{Robust Formulations}{section.5.1}% 36
\BOOKMARK [2][-]{subsection.5.1.3}{Side-Constrained Formulation}{section.5.1}% 37
\BOOKMARK [2][-]{subsection.5.1.4}{Min-Cost Formulation}{section.5.1}% 38
\BOOKMARK [1][-]{section.5.2}{Sensor Placement Solvers}{chapter.5}% 39
\BOOKMARK [1][-]{section.5.3}{sp Subcommand}{chapter.5}% 40
\BOOKMARK [2][-]{subsection.5.3.1}{Configuration File}{section.5.3}% 41
\BOOKMARK [2][-]{subsection.5.3.2}{Configuration Options}{section.5.3}% 42
\BOOKMARK [2][-]{subsection.5.3.3}{Subcommand Output}{section.5.3}% 43
\BOOKMARK [1][-]{section.5.4}{Sensor Placement Examples}{chapter.5}% 44
\BOOKMARK [2][-]{subsection.5.4.1}{Example 1: Solving eSP with a MIP Solver}{section.5.4}% 45
\BOOKMARK [2][-]{subsection.5.4.2}{Example 2: Evaluating Solutions to eSP with Multiple Impact Files}{section.5.4}% 46
\BOOKMARK [2][-]{subsection.5.4.3}{Example 3: Solving eSP with a GRASP Solver}{section.5.4}% 47
\BOOKMARK [2][-]{subsection.5.4.4}{Example 4: Solving wSP with a MIP Solver}{section.5.4}% 48
\BOOKMARK [2][-]{subsection.5.4.5}{Example 5: Solving cvarSP with a MIP Solver}{section.5.4}% 49
\BOOKMARK [2][-]{subsection.5.4.6}{Example 6: Solving scSP with a MIP Solver}{section.5.4}% 50
\BOOKMARK [2][-]{subsection.5.4.7}{Example 7: Solving mcSP with a MIP Solver}{section.5.4}% 51
\BOOKMARK [0][-]{chapter.6}{Hydrant Flushing}{}% 52
\BOOKMARK [1][-]{section.6.1}{Flushing Formulation}{chapter.6}% 53
\BOOKMARK [1][-]{section.6.2}{Flushing Solvers}{chapter.6}% 54
\BOOKMARK [2][-]{subsection.6.2.1}{Evolutionary Algorithm}{section.6.2}% 55
\BOOKMARK [2][-]{subsection.6.2.2}{Network Solver}{section.6.2}% 56
\BOOKMARK [2][-]{subsection.6.2.3}{Flushing Optimization for Large Problems}{section.6.2}% 57
\BOOKMARK [3][-]{subsubsection.6.2.3.1}{Parallelization}{subsection.6.2.3}% 58
\BOOKMARK [3][-]{subsubsection.6.2.3.2}{Stop time criteria}{subsection.6.2.3}% 59
\BOOKMARK [3][-]{subsubsection.6.2.3.3}{Skeletonization}{subsection.6.2.3}% 60
\BOOKMARK [1][-]{section.6.3}{flushing Subcommand}{chapter.6}% 61
\BOOKMARK [2][-]{subsection.6.3.1}{Configuration File}{section.6.3}% 62
\BOOKMARK [2][-]{subsection.6.3.2}{Configuration Options}{section.6.3}% 63
\BOOKMARK [2][-]{subsection.6.3.3}{Subcommand Output}{section.6.3}% 64
\BOOKMARK [1][-]{section.6.4}{Flushing Response Examples}{chapter.6}% 65
\BOOKMARK [2][-]{subsection.6.4.1}{Example 1}{section.6.4}% 66
\BOOKMARK [2][-]{subsection.6.4.2}{Example 2}{section.6.4}% 67
\BOOKMARK [2][-]{subsection.6.4.3}{Example 3}{section.6.4}% 68
\BOOKMARK [2][-]{subsection.6.4.4}{Example 4}{section.6.4}% 69
\BOOKMARK [0][-]{chapter.7}{Booster Station Placement}{}% 70
\BOOKMARK [1][-]{section.7.1}{Booster Placement Using Multi-species Reaction}{chapter.7}% 71
\BOOKMARK [2][-]{subsection.7.1.1}{Booster MSX Solvers}{section.7.1}% 72
\BOOKMARK [3][-]{subsubsection.7.1.1.1}{Evolutionary Algorithm}{subsection.7.1.1}% 73
\BOOKMARK [3][-]{subsubsection.7.1.1.2}{Network Solver}{subsection.7.1.1}% 74
\BOOKMARK [2][-]{subsection.7.1.2}{booster\137msx Subcommand}{section.7.1}% 75
\BOOKMARK [3][-]{subsubsection.7.1.2.1}{Configuration File}{subsection.7.1.2}% 76
\BOOKMARK [3][-]{subsubsection.7.1.2.2}{Configuration Options}{subsection.7.1.2}% 77
\BOOKMARK [3][-]{subsubsection.7.1.2.3}{Subcommand Output}{subsection.7.1.2}% 78
\BOOKMARK [1][-]{section.7.2}{Booster Placement Using Neutralization or Limiting Reagent Reaction}{chapter.7}% 79
\BOOKMARK [2][-]{subsection.7.2.1}{Neutralization NEUTRAL Formulation}{section.7.2}% 80
\BOOKMARK [2][-]{subsection.7.2.2}{Limiting Reagent LIMIT Formulation}{section.7.2}% 81
\BOOKMARK [2][-]{subsection.7.2.3}{Booster MIP Solvers}{section.7.2}% 82
\BOOKMARK [2][-]{subsection.7.2.4}{booster\137mip Subcommand}{section.7.2}% 83
\BOOKMARK [3][-]{subsubsection.7.2.4.1}{Configuration File}{subsection.7.2.4}% 84
\BOOKMARK [3][-]{subsubsection.7.2.4.2}{Configuration Options}{subsection.7.2.4}% 85
\BOOKMARK [3][-]{subsubsection.7.2.4.3}{Subcommand Output}{subsection.7.2.4}% 86
\BOOKMARK [1][-]{section.7.3}{Booster Placement Subcommand Comparison}{chapter.7}% 87
\BOOKMARK [1][-]{section.7.4}{Booster Placement Examples}{chapter.7}% 88
\BOOKMARK [2][-]{subsection.7.4.1}{Example 1}{section.7.4}% 89
\BOOKMARK [2][-]{subsection.7.4.2}{Example 2}{section.7.4}% 90
\BOOKMARK [0][-]{chapter.8}{Source Identification}{}% 91
\BOOKMARK [1][-]{section.8.1}{Source Identification Formulations}{chapter.8}% 92
\BOOKMARK [2][-]{subsection.8.1.1}{MIP Formulations}{section.8.1}% 93
\BOOKMARK [2][-]{subsection.8.1.2}{Bayesian Probability Based Formulation}{section.8.1}% 94
\BOOKMARK [2][-]{subsection.8.1.3}{Contaminant Status Algorithm \(CSA\)}{section.8.1}% 95
\BOOKMARK [1][-]{section.8.2}{Source Identification Solvers}{chapter.8}% 96
\BOOKMARK [1][-]{section.8.3}{inversion Subcommand}{chapter.8}% 97
\BOOKMARK [2][-]{subsection.8.3.1}{Configuration File}{section.8.3}% 98
\BOOKMARK [2][-]{subsection.8.3.2}{Configuration Options}{section.8.3}% 99
\BOOKMARK [2][-]{subsection.8.3.3}{Subcommand Output}{section.8.3}% 100
\BOOKMARK [1][-]{section.8.4}{Source Identification Examples}{chapter.8}% 101
\BOOKMARK [2][-]{subsection.8.4.1}{Example 1}{section.8.4}% 102
\BOOKMARK [2][-]{subsection.8.4.2}{Example 2}{section.8.4}% 103
\BOOKMARK [2][-]{subsection.8.4.3}{Example 3}{section.8.4}% 104
\BOOKMARK [0][-]{chapter.9}{Uncertainty Quantification}{}% 105
\BOOKMARK [1][-]{section.9.1}{Uncertainty Quantification Method}{chapter.9}% 106
\BOOKMARK [1][-]{section.9.2}{uq Subcommand}{chapter.9}% 107
\BOOKMARK [2][-]{subsection.9.2.1}{Configuration File}{section.9.2}% 108
\BOOKMARK [2][-]{subsection.9.2.2}{Configuration Options}{section.9.2}% 109
\BOOKMARK [2][-]{subsection.9.2.3}{Subcommand Output}{section.9.2}% 110
\BOOKMARK [1][-]{section.9.3}{Uncertainty Quantification Example}{chapter.9}% 111
\BOOKMARK [0][-]{chapter.10}{Grab Sampling}{}% 112
\BOOKMARK [1][-]{section.10.1}{Grab Sample Formulations}{chapter.10}% 113
\BOOKMARK [2][-]{subsection.10.1.1}{Distinguishability Formulation}{section.10.1}% 114
\BOOKMARK [2][-]{subsection.10.1.2}{Probability-based Formulations}{section.10.1}% 115
\BOOKMARK [3][-]{subsubsection.10.1.2.1}{Maximization of expected number of scenarios that disagree with measurements}{subsection.10.1.2}% 116
\BOOKMARK [3][-]{subsubsection.10.1.2.2}{Maximization of scenario with least number of measurement disagreements}{subsection.10.1.2}% 117
\BOOKMARK [1][-]{section.10.2}{Grab Sample Solvers}{chapter.10}% 118
\BOOKMARK [1][-]{section.10.3}{grabsample Subcommand}{chapter.10}% 119
\BOOKMARK [2][-]{subsection.10.3.1}{Configuration File}{section.10.3}% 120
\BOOKMARK [2][-]{subsection.10.3.2}{Configuration Options}{section.10.3}% 121
\BOOKMARK [2][-]{subsection.10.3.3}{Subcommand Output}{section.10.3}% 122
\BOOKMARK [1][-]{section.10.4}{Grab Sample Examples}{chapter.10}% 123
\BOOKMARK [2][-]{subsection.10.4.1}{Example 1}{section.10.4}% 124
\BOOKMARK [2][-]{subsection.10.4.2}{Example 2}{section.10.4}% 125
\BOOKMARK [0][-]{chapter.11}{Visualization}{}% 126
\BOOKMARK [1][-]{section.11.1}{Color and Shape Options}{chapter.11}% 127
\BOOKMARK [1][-]{section.11.2}{Data from YAML Files}{chapter.11}% 128
\BOOKMARK [1][-]{section.11.3}{visualization Subcommand}{chapter.11}% 129
\BOOKMARK [2][-]{subsection.11.3.1}{Configuration File}{section.11.3}% 130
\BOOKMARK [2][-]{subsection.11.3.2}{Configuration Options}{section.11.3}% 131
\BOOKMARK [2][-]{subsection.11.3.3}{Subcommand Output}{section.11.3}% 132
\BOOKMARK [1][-]{section.11.4}{Visualization Examples}{chapter.11}% 133
\BOOKMARK [2][-]{subsection.11.4.1}{Example 1}{section.11.4}% 134
\BOOKMARK [2][-]{subsection.11.4.2}{Example 2}{section.11.4}% 135
\BOOKMARK [0][-]{chapter.12}{Advanced Topics and Case Studies}{}% 136
\BOOKMARK [1][-]{section.12.1}{Merlion Water Quality Model}{chapter.12}% 137
\BOOKMARK [1][-]{section.12.2}{Average-case Sensor Placement}{chapter.12}% 138
\BOOKMARK [2][-]{subsection.12.2.1}{Computing a Bound on the Best Sensor Placement Value}{section.12.2}% 139
\BOOKMARK [2][-]{subsection.12.2.2}{Managing Sensor Placement Locations}{section.12.2}% 140
\BOOKMARK [2][-]{subsection.12.2.3}{Limited-Memory Sensor Placement Techniques}{section.12.2}% 141
\BOOKMARK [3][-]{paragraph*.89}{Scenario Aggregation:}{subsection.12.2.3}% 142
\BOOKMARK [4][-]{paragraph*.90}{Filtering Impacts:}{paragraph*.89}% 143
\BOOKMARK [4][-]{paragraph*.91}{Feasible Locations:}{paragraph*.89}% 144
\BOOKMARK [4][-]{paragraph*.92}{Witness Aggregation:}{paragraph*.89}% 145
\BOOKMARK [4][-]{paragraph*.93}{Skeletonization:}{paragraph*.89}% 146
\BOOKMARK [4][-]{paragraph*.94}{Explicit Memory Management:}{paragraph*.89}% 147
\BOOKMARK [2][-]{subsection.12.2.4}{Evaluating a Sensor Placement}{section.12.2}% 148
\BOOKMARK [1][-]{section.12.3}{Source Identification with Grab Samples Case Study}{chapter.12}% 149
\BOOKMARK [2][-]{subsection.12.3.1}{Case Study}{section.12.3}% 150
\BOOKMARK [2][-]{subsection.12.3.2}{Cycle 1}{section.12.3}% 151
\BOOKMARK [2][-]{subsection.12.3.3}{Cycle 2}{section.12.3}% 152
\BOOKMARK [2][-]{subsection.12.3.4}{Cycle 3}{section.12.3}% 153
\BOOKMARK [1][-]{section.12.4}{Uncertainty Reduction with Grab Samples Case Study}{chapter.12}% 154
